# JRE version: OpenJDK Runtime Environment (23.0.2+7) (build 23.0.2+7-58)
# Java VM: OpenJDK 64-Bit Server VM (23.0.2+7-58, mixed mode, sharing, tiered, compressed oops, compressed class ptrs, g1 gc, windows-amd64)
GC Precious Log:
 CardTable entry size: 512
 Card Set container configuration: InlinePtr #cards 4 size 8 Array Of Cards #cards 16 size 48 Howl #buckets 8 coarsen threshold 3686 Howl Bitmap #cards 512 size 80 coarsen threshold 460 Card regions per heap region 1 cards per card region 4096
 CPUs: 8 total, 8 available
 Memory: 16160M
 Large Page Support: Disabled
 NUMA Support: Disabled
 Compressed Oops: Enabled (Zero based)
 Heap Region Size: 2M
 Heap Min Capacity: 8M
 Heap Initial Capacity: 254M
 Heap Max Capacity: 4042M
 Pre-touch: Disabled
 Parallel Workers: 8
 Concurrent Workers: 2
 Concurrent Refinement Workers: 8
 Periodic GC: Disabled
Heap:
 garbage-first heap   total reserved 4139008K, committed 79872K, used 43313K [0x0000000703600000, 0x0000000800000000)
  region size 2048K, 3 young (6144K), 2 survivors (4096K)
 Metaspace       used 89201K, committed 90176K, reserved 1179648K
  class space    used 11948K, committed 12480K, reserved 1048576K
GC Heap History (20 events):
Event: 15.661 GC heap before
{Heap before GC invocations=15 (full 0):
 garbage-first heap   total reserved 4139008K, committed 75776K, used 64183K [0x0000000703600000, 0x0000000800000000)
  region size 2048K, 16 young (32768K), 2 survivors (4096K)
 Metaspace       used 70973K, committed 71680K, reserved 1114112K
  class space    used 9765K, committed 10048K, reserved 1048576K
}
Event: 15.667 GC heap after
{Heap after GC invocations=16 (full 0):
 garbage-first heap   total reserved 4139008K, committed 75776K, used 37586K [0x0000000703600000, 0x0000000800000000)
  region size 2048K, 2 young (4096K), 2 survivors (4096K)
 Metaspace       used 70973K, committed 71680K, reserved 1114112K
  class space    used 9765K, committed 10048K, reserved 1048576K
}
Event: 16.804 GC heap before
{Heap before GC invocations=16 (full 0):
 garbage-first heap   total reserved 4139008K, committed 75776K, used 64210K [0x0000000703600000, 0x0000000800000000)
  region size 2048K, 15 young (30720K), 2 survivors (4096K)
 Metaspace       used 74548K, committed 75264K, reserved 1114112K
  class space    used 10286K, committed 10560K, reserved 1048576K
}
Event: 16.813 GC heap after
{Heap after GC invocations=17 (full 0):
 garbage-first heap   total reserved 4139008K, committed 75776K, used 40828K [0x0000000703600000, 0x0000000800000000)
  region size 2048K, 2 young (4096K), 2 survivors (4096K)
 Metaspace       used 74548K, committed 75264K, reserved 1114112K
  class space    used 10286K, committed 10560K, reserved 1048576K
}
Event: 19.612 GC heap before
{Heap before GC invocations=18 (full 0):
 garbage-first heap   total reserved 4139008K, committed 75776K, used 61308K [0x0000000703600000, 0x0000000800000000)
  region size 2048K, 13 young (26624K), 2 survivors (4096K)
 Metaspace       used 76432K, committed 77248K, reserved 1179648K
  class space    used 10583K, committed 10944K, reserved 1048576K
}
Event: 19.617 GC heap after
{Heap after GC invocations=19 (full 0):
 garbage-first heap   total reserved 4139008K, committed 75776K, used 42599K [0x0000000703600000, 0x0000000800000000)
  region size 2048K, 2 young (4096K), 2 survivors (4096K)
 Metaspace       used 76432K, committed 77248K, reserved 1179648K
  class space    used 10583K, committed 10944K, reserved 1048576K
}
Event: 319.221 GC heap before
{Heap before GC invocations=19 (full 0):
 garbage-first heap   total reserved 4139008K, committed 75776K, used 63079K [0x0000000703600000, 0x0000000800000000)
  region size 2048K, 12 young (24576K), 2 survivors (4096K)
 Metaspace       used 81211K, committed 82048K, reserved 1179648K
  class space    used 11229K, committed 11584K, reserved 1048576K
}
Event: 319.228 GC heap after
{Heap after GC invocations=20 (full 0):
 garbage-first heap   total reserved 4139008K, committed 75776K, used 43924K [0x0000000703600000, 0x0000000800000000)
  region size 2048K, 2 young (4096K), 2 survivors (4096K)
 Metaspace       used 81211K, committed 82048K, reserved 1179648K
  class space    used 11229K, committed 11584K, reserved 1048576K
}
Event: 320.404 GC heap before
{Heap before GC invocations=20 (full 0):
 garbage-first heap   total reserved 4139008K, committed 75776K, used 62356K [0x0000000703600000, 0x0000000800000000)
  region size 2048K, 12 young (24576K), 2 survivors (4096K)
 Metaspace       used 85943K, committed 86784K, reserved 1179648K
  class space    used 11977K, committed 12352K, reserved 1048576K
}
Event: 320.410 GC heap after
{Heap after GC invocations=21 (full 0):
 garbage-first heap   total reserved 4139008K, committed 75776K, used 45398K [0x0000000703600000, 0x0000000800000000)
  region size 2048K, 2 young (4096K), 2 survivors (4096K)
 Metaspace       used 85943K, committed 86784K, reserved 1179648K
  class space    used 11977K, committed 12352K, reserved 1048576K
}
Event: 2528.017 GC heap before
{Heap before GC invocations=22 (full 0):
 garbage-first heap   total reserved 4139008K, committed 79872K, used 63830K [0x0000000703600000, 0x0000000800000000)
  region size 2048K, 11 young (22528K), 2 survivors (4096K)
 Metaspace       used 87165K, committed 88000K, reserved 1179648K
  class space    used 12041K, committed 12416K, reserved 1048576K
}
Event: 2528.025 GC heap after
{Heap after GC invocations=23 (full 0):
 garbage-first heap   total reserved 4139008K, committed 79872K, used 46707K [0x0000000703600000, 0x0000000800000000)
  region size 2048K, 2 young (4096K), 2 survivors (4096K)
 Metaspace       used 87165K, committed 88000K, reserved 1179648K
  class space    used 12041K, committed 12416K, reserved 1048576K
}
Event: 4028.260 GC heap before
{Heap before GC invocations=23 (full 0):
 garbage-first heap   total reserved 4139008K, committed 79872K, used 67187K [0x0000000703600000, 0x0000000800000000)
  region size 2048K, 12 young (24576K), 2 survivors (4096K)
 Metaspace       used 88133K, committed 88960K, reserved 1179648K
  class space    used 12063K, committed 12416K, reserved 1048576K
}
Event: 4028.290 GC heap after
{Heap after GC invocations=24 (full 0):
 garbage-first heap   total reserved 4139008K, committed 79872K, used 46477K [0x0000000703600000, 0x0000000800000000)
  region size 2048K, 2 young (4096K), 2 survivors (4096K)
 Metaspace       used 88133K, committed 88960K, reserved 1179648K
  class space    used 12063K, committed 12416K, reserved 1048576K
}
Event: 5765.439 GC heap before
{Heap before GC invocations=24 (full 0):
 garbage-first heap   total reserved 4139008K, committed 79872K, used 64909K [0x0000000703600000, 0x0000000800000000)
  region size 2048K, 12 young (24576K), 2 survivors (4096K)
 Metaspace       used 88830K, committed 89728K, reserved 1179648K
  class space    used 12072K, committed 12480K, reserved 1048576K
}
Event: 5765.471 GC heap after
{Heap after GC invocations=25 (full 0):
 garbage-first heap   total reserved 4139008K, committed 79872K, used 46021K [0x0000000703600000, 0x0000000800000000)
  region size 2048K, 1 young (2048K), 1 survivors (2048K)
 Metaspace       used 88830K, committed 89728K, reserved 1179648K
  class space    used 12072K, committed 12480K, reserved 1048576K
}
Event: 11216.275 GC heap before
{Heap before GC invocations=26 (full 0):
 garbage-first heap   total reserved 4139008K, committed 79872K, used 68549K [0x0000000703600000, 0x0000000800000000)
  region size 2048K, 13 young (26624K), 1 survivors (2048K)
 Metaspace       used 88956K, committed 89920K, reserved 1179648K
  class space    used 11946K, committed 12480K, reserved 1048576K
}
Event: 11216.300 GC heap after
{Heap after GC invocations=27 (full 0):
 garbage-first heap   total reserved 4139008K, committed 79872K, used 46905K [0x0000000703600000, 0x0000000800000000)
  region size 2048K, 2 young (4096K), 2 survivors (4096K)
 Metaspace       used 88956K, committed 89920K, reserved 1179648K
  class space    used 11946K, committed 12480K, reserved 1048576K
}
Event: 24853.161 GC heap before
{Heap before GC invocations=27 (full 0):
 garbage-first heap   total reserved 4139008K, committed 79872K, used 65337K [0x0000000703600000, 0x0000000800000000)
  region size 2048K, 12 young (24576K), 2 survivors (4096K)
 Metaspace       used 89190K, committed 90176K, reserved 1179648K
  class space    used 11948K, committed 12480K, reserved 1048576K
}
Event: 24853.208 GC heap after
{Heap after GC invocations=28 (full 0):
 garbage-first heap   total reserved 4139008K, committed 79872K, used 43313K [0x0000000703600000, 0x0000000800000000)
  region size 2048K, 2 young (4096K), 2 survivors (4096K)
 Metaspace       used 89190K, committed 90176K, reserved 1179648K
  class space    used 11948K, committed 12480K, reserved 1048576K
}

